# JRE version: Java(TM) SE Runtime Environment (8.0-b132) (build 1.8.0-b132)
# Java VM: Java HotSpot(TM) 64-Bit Server VM (25.0-b70 mixed mode linux-amd64 compressed oops)
Heap:
 PSYoungGen      total 1536K, used 1508K [0x000000076c900000, 0x000000076cb00000, 0x00000007c0000000)
  eden space 1024K, 98% used [0x000000076c900000,0x000000076c9fce30,0x000000076ca00000)
  from space 512K, 97% used [0x000000076ca80000,0x000000076cafc338,0x000000076cb00000)
  to   space 512K, 0% used [0x000000076ca00000,0x000000076ca00000,0x000000076ca80000)
 ParOldGen       total 256512K, used 161K [0x00000006c5a00000, 0x00000006d5480000, 0x000000076c900000)
  object space 256512K, 0% used [0x00000006c5a00000,0x00000006c5a28738,0x00000006d5480000)
 Metaspace       used 7703K, capacity 7788K, committed 7936K, reserved 1056768K
  class space    used 863K, capacity 908K, committed 1024K, reserved 1048576K
GC Heap History (4 events):
Event: 0.062 GC heap before
{Heap before GC invocations=1 (full 0):
 PSYoungGen      total 1024K, used 512K [0x000000076c900000, 0x000000076ca80000, 0x00000007c0000000)
  eden space 512K, 100% used [0x000000076c900000,0x000000076c980000,0x000000076c980000)
  from space 512K, 0% used [0x000000076ca00000,0x000000076ca00000,0x000000076ca80000)
  to   space 512K, 0% used [0x000000076c980000,0x000000076c980000,0x000000076ca00000)
 ParOldGen       total 256512K, used 0K [0x00000006c5a00000, 0x00000006d5480000, 0x000000076c900000)
  object space 256512K, 0% used [0x00000006c5a00000,0x00000006c5a00000,0x00000006d5480000)
 Metaspace       used 3059K, capacity 4522K, committed 4864K, reserved 1056768K
  class space    used 334K, capacity 418K, committed 512K, reserved 1048576K
Event: 0.063 GC heap after
Heap after GC invocations=1 (full 0):
 PSYoungGen      total 1024K, used 416K [0x000000076c900000, 0x000000076cb00000, 0x00000007c0000000)
  eden space 512K, 0% used [0x000000076c900000,0x000000076c900000,0x000000076c980000)
  from space 512K, 81% used [0x000000076c980000,0x000000076c9e8020,0x000000076ca00000)
  to   space 512K, 0% used [0x000000076ca80000,0x000000076ca80000,0x000000076cb00000)
 ParOldGen       total 256512K, used 8K [0x00000006c5a00000, 0x00000006d5480000, 0x000000076c900000)
  object space 256512K, 0% used [0x00000006c5a00000,0x00000006c5a02000,0x00000006d5480000)
 Metaspace       used 3059K, capacity 4522K, committed 4864K, reserved 1056768K
  class space    used 334K, capacity 418K, committed 512K, reserved 1048576K
}
Event: 0.084 GC heap before
{Heap before GC invocations=2 (full 0):
 PSYoungGen      total 1024K, used 922K [0x000000076c900000, 0x000000076cb00000, 0x00000007c0000000)
  eden space 512K, 98% used [0x000000076c900000,0x000000076c97ea00,0x000000076c980000)
  from space 512K, 81% used [0x000000076c980000,0x000000076c9e8020,0x000000076ca00000)
  to   space 512K, 0% used [0x000000076ca80000,0x000000076ca80000,0x000000076cb00000)
 ParOldGen       total 256512K, used 8K [0x00000006c5a00000, 0x00000006d5480000, 0x000000076c900000)
  object space 256512K, 0% used [0x00000006c5a00000,0x00000006c5a02000,0x00000006d5480000)
 Metaspace       used 3636K, capacity 4656K, committed 4864K, reserved 1056768K
  class space    used 392K, capacity 420K, committed 512K, reserved 1048576K
Event: 0.085 GC heap after
Heap after GC invocations=2 (full 0):
 PSYoungGen      total 1536K, used 496K [0x000000076c900000, 0x000000076cb00000, 0x00000007c0000000)
  eden space 1024K, 0% used [0x000000076c900000,0x000000076c900000,0x000000076ca00000)
  from space 512K, 97% used [0x000000076ca80000,0x000000076cafc338,0x000000076cb00000)
  to   space 512K, 0% used [0x000000076ca00000,0x000000076ca00000,0x000000076ca80000)
 ParOldGen       total 256512K, used 161K [0x00000006c5a00000, 0x00000006d5480000, 0x000000076c900000)
  object space 256512K, 0% used [0x00000006c5a00000,0x00000006c5a28738,0x00000006d5480000)
 Metaspace       used 3636K, capacity 4656K, committed 4864K, reserved 1056768K
  class space    used 392K, capacity 420K, committed 512K, reserved 1048576K
}

